C:\Program Files (x86)\Microsoft Visual Studio\2017\Community\Common7\IDE\VC\VCTargets\Microsoft.CppBuild.targets(377,5): warning MSB8004: Output Directory does not end with a trailing slash.  This build instance will add the slash as it is required to allow proper evaluation of the Output Directory.
  CA.c
  D2D.c
  Femtocell.c
  HARQ.c
  LTE.c
  LTE_enum.c
  LTE_Phy.c
c:\users\user\downloads\modeling_obstracles_in_lte_v11.0\32bit\code\lte\lte_phy.c(100): warning C4047: '=': 'pathloss_data' differs in levels of indirection from 'pathloss_data *'
  Mac_scheduler.c
  MIMO.c
  NAS.c
  PDCP.c
  Relay.c
  RLC.c
  RRC.c
  Generating Code...
C:\Program Files (x86)\Microsoft Visual Studio\2017\Community\Common7\IDE\VC\VCTargets\Microsoft.CppBuild.targets(1202,5): warning MSB8012: TargetPath(C:\Users\user\Downloads\MODELING_OBSTRACLES_in_LTE_v11.0\32bit\Code\LTE\..\Dll\LTE.dll) does not match the Linker's OutputFile property value (C:\Users\user\Downloads\MODELING_OBSTRACLES_in_LTE_v11.0\32bit\Code\Dll\libLTE.dll). This may cause your project to build incorrectly. To correct this, please make sure that $(OutDir), $(TargetName) and $(TargetExt) property values match the value specified in %(Link.OutputFile).
C:\Program Files (x86)\Microsoft Visual Studio\2017\Community\Common7\IDE\VC\VCTargets\Microsoft.CppBuild.targets(1204,5): warning MSB8012: TargetName(LTE) does not match the Linker's OutputFile property value (libLTE). This may cause your project to build incorrectly. To correct this, please make sure that $(OutDir), $(TargetName) and $(TargetExt) property values match the value specified in %(Link.OutputFile).
CA.obj : warning LNK4075: ignoring '/EDITANDCONTINUE' due to '/INCREMENTAL:NO' specification
  list.lib(List.obj) : MSIL .netmodule or module compiled with /GL found; restarting link with /LTCG; add /LTCG to the link command line to improve linker performance
CA.obj : warning LNK4075: ignoring '/EDITANDCONTINUE' due to '/INCREMENTAL:NO' specification
     Creating library ..\Dll\LTE.lib and object ..\Dll\LTE.exp
LINK : warning LNK4098: defaultlib 'MSVCRT' conflicts with use of other libs; use /NODEFAULTLIB:library
  Generating code
  Finished generating code
list.lib(List.obj) : warning LNK4099: PDB 'List.pdb' was not found with 'list.lib(List.obj)' or at 'C:\Users\user\Downloads\MODELING_OBSTRACLES_in_LTE_v11.0\32bit\Code\Dll\List.pdb'; linking object as if no debug info
LTE.lib(LTELib.obj) : warning LNK4099: PDB 'LTELib.pdb' was not found with 'LTE.lib(LTELib.obj)' or at 'C:\Users\user\Downloads\MODELING_OBSTRACLES_in_LTE_v11.0\32bit\Code\Dll\LTELib.pdb'; linking object as if no debug info
LTE.lib(BER.obj) : warning LNK4099: PDB 'LTELib.pdb' was not found with 'LTE.lib(BER.obj)' or at 'C:\Users\user\Downloads\MODELING_OBSTRACLES_in_LTE_v11.0\32bit\Code\Dll\LTELib.pdb'; linking object as if no debug info
  LTE.vcxproj -> C:\Users\user\Downloads\MODELING_OBSTRACLES_in_LTE_v11.0\32bit\Code\LTE\..\Dll\LTE.dll
